#
# There is insufficient memory for the Java Runtime Environment to continue.
# Native memory allocation (malloc) failed to allocate 1048576 bytes for AllocateHeap
# Possible reasons:
#   The system is out of physical RAM or swap space
#   The process is running with CompressedOops enabled, and the Java Heap may be blocking the growth of the native heap
# Possible solutions:
#   Reduce memory load on the system
#   Increase physical memory or swap space
#   Check if swap backing store is full
#   Decrease Java heap size (-Xmx/-Xms)
#   Decrease number of Java threads
#   Decrease Java thread stack sizes (-Xss)
#   Set larger code cache with -XX:ReservedCodeCacheSize=
#   JVM is running with Zero Based Compressed Oops mode in which the Java heap is
#     placed in the first 32GB address space. The Java Heap base address is the
#     maximum limit for the native heap growth. Please use -XX:HeapBaseMinAddress
#     to set the Java Heap base and to place the Java Heap above 32GB virtual address.
# This output file may be truncated or incomplete.
#
#  Out of Memory Error (t:/workspace/open/src/hotspot/share/memory/allocation.cpp:46), pid=9896, tid=2060
#
# JRE version: Java(TM) SE Runtime Environment (11.0.5+10) (build 11.0.5+10-LTS)
# Java VM: Java HotSpot(TM) 64-Bit Server VM (11.0.5+10-LTS, mixed mode, tiered, compressed oops, g1 gc, windows-amd64)
# No core dump will be written. Minidumps are not enabled by default on client versions of Windows
#

---------------  S U M M A R Y ------------

Command Line: -agentlib:jdwp=transport=dt_socket,suspend=y,address=localhost:49850 -ea -javaagent:C:\Dev\HERRAMIENTAS\eclipse\configuration\org.eclipse.osgi\415\0\.cp\lib\javaagent-shaded.jar -Dfile.encoding=UTF-8 org.eclipse.jdt.internal.junit.runner.RemoteTestRunner -version 3 -port 49849 -testLoaderClass org.eclipse.jdt.internal.junit5.runner.JUnit5TestLoader -loaderpluginname org.eclipse.jdt.junit5.runtime -classNames com.nttdata.nova.bookStore.service.EditorialServiceTest

Host: Intel(R) Core(TM) i5-6300U CPU @ 2.40GHz, 4 cores, 15G,  Windows 10 , 64 bit Build 17134 (10.0.17134.2145)
Time: Mon Nov 15 09:23:39 2021 Hora estándar romance elapsed time: 99 seconds (0d 0h 1m 39s)

---------------  T H R E A D  ---------------

Current thread (0x000001c191304000):  VMThread "VM Thread" [stack: 0x0000004963700000,0x0000004963800000] [id=2060]

Stack: [0x0000004963700000,0x0000004963800000]
[error occurred during error reporting (printing stack bounds), id 0xc0000005, EXCEPTION_ACCESS_VIOLATION (0xc0000005) at pc=0x000001c180000bad]

Native frames: (J=compiled Java code, j=interpreted, Vv=VM code, C=native code)
V  [jvm.dll+0x63611a]
V  [jvm.dll+0x77426f]
V  [jvm.dll+0x77591a]
V  [jvm.dll+0x775f35]
V  [jvm.dll+0x775eeb]
V  [jvm.dll+0x635826]
V  [jvm.dll+0x635be8]
C  [ntdll.dll+0x9f92d]
C  [ntdll.dll+0xd856]
C  [ntdll.dll+0x9e85e]
C  0x000001c180000bad

VM_Operation (0x00000049631f7ef0): CollectForMetadataAllocation, mode: safepoint, requested by thread 0x000001c1ec35a000


---------------  P R O C E S S  ---------------

Threads class SMR info:
_java_thread_list=0x000001c1950f8e30, length=16, elements={
0x000001c1ec35a000, 0x000001c191308800, 0x000001c191bbd000, 0x000001c19130d800,
0x000001c191c0a800, 0x000001c191c0e800, 0x000001c191c19800, 0x000001c191ca1800,
0x000001c191b91000, 0x000001c192046800, 0x000001c19204e800, 0x000001c192051000,
0x000001c192752000, 0x000001c1927b5800, 0x000001c19a615000, 0x000001c195c27000
}

Java Threads: ( => current thread )
  0x000001c1ec35a000 JavaThread "main" [_thread_blocked, id=12560, stack(0x0000004963100000,0x0000004963200000)]
  0x000001c191308800 JavaThread "Reference Handler" daemon [_thread_blocked, id=5128, stack(0x0000004963800000,0x0000004963900000)]
  0x000001c191bbd000 JavaThread "Finalizer" daemon [_thread_blocked, id=14804, stack(0x0000004963900000,0x0000004963a00000)]
  0x000001c19130d800 JavaThread "Signal Dispatcher" daemon [_thread_blocked, id=19196, stack(0x0000004963a00000,0x0000004963b00000)]
  0x000001c191c0a800 JavaThread "Attach Listener" daemon [_thread_blocked, id=10404, stack(0x0000004963b00000,0x0000004963c00000)]
  0x000001c191c0e800 JavaThread "C2 CompilerThread0" daemon [_thread_blocked, id=1596, stack(0x0000004963c00000,0x0000004963d00000)]
  0x000001c191c19800 JavaThread "C1 CompilerThread0" daemon [_thread_blocked, id=5972, stack(0x0000004963d00000,0x0000004963e00000)]
  0x000001c191ca1800 JavaThread "Sweeper thread" daemon [_thread_blocked, id=15732, stack(0x0000004963e00000,0x0000004963f00000)]
  0x000001c191b91000 JavaThread "Common-Cleaner" daemon [_thread_blocked, id=17296, stack(0x0000004963f00000,0x0000004964000000)]
  0x000001c192046800 JavaThread "JDWP Transport Listener: dt_socket" daemon [_thread_blocked, id=12784, stack(0x0000004964000000,0x0000004964100000)]
  0x000001c19204e800 JavaThread "JDWP Event Helper Thread" daemon [_thread_blocked, id=3824, stack(0x0000004964100000,0x0000004964200000)]
  0x000001c192051000 JavaThread "JDWP Command Reader" daemon [_thread_in_native, id=16360, stack(0x0000004964200000,0x0000004964300000)]
  0x000001c192752000 JavaThread "Service Thread" daemon [_thread_blocked, id=15768, stack(0x0000004964300000,0x0000004964400000)]
  0x000001c1927b5800 JavaThread "ReaderThread" [_thread_in_native, id=12700, stack(0x0000004964800000,0x0000004964900000)]
  0x000001c19a615000 JavaThread "lettuce-timer-3-1" daemon [_thread_blocked, id=14404, stack(0x0000004964900000,0x0000004964a00000)]
  0x000001c195c27000 JavaThread "HikariPool-1 housekeeper" daemon [_thread_blocked, id=12096, stack(0x0000004964b00000,0x0000004964c00000)]

Other Threads:
=>0x000001c191304000 VMThread "VM Thread" [stack: 0x0000004963700000,0x0000004963800000] [id=2060]
  0x000001c19275b000 WatcherThread [stack: 0x0000004964400000,0x0000004964500000] [id=19320]
  0x000001c1ec371000 GCTaskThread "GC Thread#0" [stack: 0x0000004963200000,0x0000004963300000] [id=11748]
  0x000001c192b7b000 GCTaskThread "GC Thread#1" [stack: 0x0000004964500000,0x0000004964600000] [id=2588]
  0x000001c192b79000 GCTaskThread "GC Thread#2" [stack: 0x0000004964600000,0x0000004964700000] [id=16744]
  0x000001c192b7f000 GCTaskThread "GC Thread#3" [stack: 0x0000004964700000,0x0000004964800000] [id=3972]
  0x000001c1ec3cd000 ConcurrentGCThread "G1 Main Marker" [stack: 0x0000004963300000,0x0000004963400000] [id=19776]
  0x000001c1ec3d2800 ConcurrentGCThread "G1 Conc#0" [stack: 0x0000004963400000,0x0000004963500000] [id=17256]
  0x000001c1911e6000 ConcurrentGCThread "G1 Refine#0" [stack: 0x0000004963500000,0x0000004963600000] [id=18116]
  0x000001c1911e6800 ConcurrentGCThread "G1 Young RemSet Sampling" [stack: 0x0000004963600000,0x0000004963700000] [id=1620]

Threads with active compile tasks:

VM state:at safepoint (normal execution)

VM Mutex/Monitor currently owned by a thread:  ([mutex/lock_event])
[0x000001c1ec358950] Threads_lock - owner thread: 0x000001c191304000
[0x000001c1ec3583b0] Heap_lock - owner thread: 0x000001c1ec35a000

Heap address: 0x0000000701c00000, size: 4068 MB, Compressed Oops mode: Zero based, Oop shift amount: 3
Narrow klass base: 0x0000000800000000, Narrow klass shift: 0
Compressed class space size: 1073741824 Address: 0x0000000800000000

Heap:
 garbage-first heap   total 262144K, used 26772K [0x0000000701c00000, 0x0000000800000000)
  region size 1024K, 12 young (12288K), 12 survivors (12288K)
 Metaspace       used 68950K, capacity 70404K, committed 70480K, reserved 1118208K
  class space    used 8819K, capacity 9427K, committed 9472K, reserved 1048576K
Heap Regions: E=young(eden), S=young(survivor), O=old, HS=humongous(starts), HC=humongous(continues), CS=collection set, F=free, A=archive, TAMS=top-at-mark-start (previous, next)
|   0|0x0000000701c00000, 0x0000000701d00000, 0x0000000701d00000|100%|HS|  |TAMS 0x0000000701d00000, 0x0000000701d00000| Complete 
|   1|0x0000000701d00000, 0x0000000701e00000, 0x0000000701e00000|100%| O|  |TAMS 0x0000000701e00000, 0x0000000701e00000| Untracked 
|   2|0x0000000701e00000, 0x0000000701f00000, 0x0000000701f00000|100%| O|  |TAMS 0x0000000701f00000, 0x0000000701f00000| Untracked 
|   3|0x0000000701f00000, 0x0000000702000000, 0x0000000702000000|100%| O|  |TAMS 0x0000000702000000, 0x0000000702000000| Untracked 
|   4|0x0000000702000000, 0x0000000702100000, 0x0000000702100000|100%| O|  |TAMS 0x0000000702100000, 0x0000000702100000| Untracked 
|   5|0x0000000702100000, 0x0000000702200000, 0x0000000702200000|100%| O|  |TAMS 0x0000000702200000, 0x0000000702200000| Untracked 
|   6|0x0000000702200000, 0x0000000702300000, 0x0000000702300000|100%| O|  |TAMS 0x0000000702300000, 0x0000000702300000| Untracked 
|   7|0x0000000702300000, 0x0000000702400000, 0x0000000702400000|100%| O|  |TAMS 0x0000000702400000, 0x0000000702400000| Untracked 
|   8|0x0000000702400000, 0x0000000702500000, 0x0000000702500000|100%| O|  |TAMS 0x0000000702500000, 0x0000000702500000| Untracked 
|   9|0x0000000702500000, 0x0000000702600000, 0x0000000702600000|100%| O|  |TAMS 0x0000000702600000, 0x0000000702600000| Untracked 
|  10|0x0000000702600000, 0x0000000702700000, 0x0000000702700000|100%| O|  |TAMS 0x0000000702700000, 0x0000000702700000| Untracked 
|  11|0x0000000702700000, 0x0000000702800000, 0x0000000702800000|100%| O|  |TAMS 0x0000000702800000, 0x0000000702800000| Untracked 
|  12|0x0000000702800000, 0x0000000702900000, 0x0000000702900000|100%| O|  |TAMS 0x000000070283c400, 0x0000000702900000| Untracked 
|  13|0x0000000702900000, 0x0000000702a00000, 0x0000000702a00000|100%| O|  |TAMS 0x0000000702900000, 0x0000000702a00000| Untracked 
|  14|0x0000000702a00000, 0x0000000702aa5000, 0x0000000702b00000| 64%| O|  |TAMS 0x0000000702a00000, 0x0000000702aa5000| Untracked 
|  15|0x0000000702b00000, 0x0000000702b00000, 0x0000000702c00000|  0%| F|  |TAMS 0x0000000702b00000, 0x0000000702b00000| Untracked 
|  16|0x0000000702c00000, 0x0000000702c00000, 0x0000000702d00000|  0%| F|  |TAMS 0x0000000702c00000, 0x0000000702c00000| Untracked 
|  17|0x0000000702d00000, 0x0000000702d00000, 0x0000000702e00000|  0%| F|  |TAMS 0x0000000702d00000, 0x0000000702d00000| Untracked 
|  18|0x0000000702e00000, 0x0000000702e00000, 0x0000000702f00000|  0%| F|  |TAMS 0x0000000702e00000, 0x0000000702e00000| Untracked 
|  19|0x0000000702f00000, 0x0000000702f00000, 0x0000000703000000|  0%| F|  |TAMS 0x0000000702f00000, 0x0000000702f00000| Untracked 
|  20|0x0000000703000000, 0x0000000703000000, 0x0000000703100000|  0%| F|  |TAMS 0x0000000703000000, 0x0000000703000000| Untracked 
|  21|0x0000000703100000, 0x0000000703100000, 0x0000000703200000|  0%| F|  |TAMS 0x0000000703100000, 0x0000000703100000| Untracked 
|  22|0x0000000703200000, 0x0000000703200000, 0x0000000703300000|  0%| F|  |TAMS 0x0000000703200000, 0x0000000703200000| Untracked 
|  23|0x0000000703300000, 0x0000000703300000, 0x0000000703400000|  0%| F|  |TAMS 0x0000000703300000, 0x0000000703300000| Untracked 
|  24|0x0000000703400000, 0x0000000703400000, 0x0000000703500000|  0%| F|  |TAMS 0x0000000703400000, 0x0000000703400000| Untracked 
|  25|0x0000000703500000, 0x0000000703500000, 0x0000000703600000|  0%| F|  |TAMS 0x0000000703500000, 0x0000000703500000| Untracked 
|  26|0x0000000703600000, 0x0000000703600000, 0x0000000703700000|  0%| F|  |TAMS 0x0000000703600000, 0x0000000703600000| Untracked 
|  27|0x0000000703700000, 0x0000000703700000, 0x0000000703800000|  0%| F|  |TAMS 0x0000000703700000, 0x0000000703700000| Untracked 
|  28|0x0000000703800000, 0x0000000703800000, 0x0000000703900000|  0%| F|  |TAMS 0x0000000703800000, 0x0000000703800000| Untracked 
|  29|0x0000000703900000, 0x0000000703900000, 0x0000000703a00000|  0%| F|  |TAMS 0x0000000703900000, 0x0000000703900000| Untracked 
|  30|0x0000000703a00000, 0x0000000703a00000, 0x0000000703b00000|  0%| F|  |TAMS 0x0000000703a00000, 0x0000000703a00000| Untracked 
|  31|0x0000000703b00000, 0x0000000703b00000, 0x0000000703c00000|  0%| F|  |TAMS 0x0000000703b00000, 0x0000000703b00000| Untracked 
|  32|0x0000000703c00000, 0x0000000703c00000, 0x0000000703d00000|  0%| F|  |TAMS 0x0000000703c00000, 0x0000000703c00000| Untracked 
|  33|0x0000000703d00000, 0x0000000703d00000, 0x0000000703e00000|  0%| F|  |TAMS 0x0000000703d00000, 0x0000000703d00000| Untracked 
|  34|0x0000000703e00000, 0x0000000703e00000, 0x0000000703f00000|  0%| F|  |TAMS 0x0000000703e00000, 0x0000000703e00000| Untracked 
|  35|0x0000000703f00000, 0x0000000703f00000, 0x0000000704000000|  0%| F|  |TAMS 0x0000000703f00000, 0x0000000703f00000| Untracked 
|  36|0x0000000704000000, 0x0000000704000000, 0x0000000704100000|  0%| F|  |TAMS 0x0000000704000000, 0x0000000704000000| Untracked 
|  37|0x0000000704100000, 0x0000000704100000, 0x0000000704200000|  0%| F|  |TAMS 0x0000000704100000, 0x0000000704100000| Untracked 
|  38|0x0000000704200000, 0x0000000704200000, 0x0000000704300000|  0%| F|  |TAMS 0x0000000704200000, 0x0000000704200000| Untracked 
|  39|0x0000000704300000, 0x0000000704300000, 0x0000000704400000|  0%| F|  |TAMS 0x0000000704300000, 0x0000000704300000| Untracked 
|  40|0x0000000704400000, 0x0000000704400000, 0x0000000704500000|  0%| F|  |TAMS 0x0000000704400000, 0x0000000704400000| Untracked 
|  41|0x0000000704500000, 0x0000000704500000, 0x0000000704600000|  0%| F|  |TAMS 0x0000000704500000, 0x0000000704500000| Untracked 
|  42|0x0000000704600000, 0x0000000704600000, 0x0000000704700000|  0%| F|  |TAMS 0x0000000704600000, 0x0000000704600000| Untracked 
|  43|0x0000000704700000, 0x0000000704700000, 0x0000000704800000|  0%| F|  |TAMS 0x0000000704700000, 0x0000000704700000| Untracked 
|  44|0x0000000704800000, 0x0000000704800000, 0x0000000704900000|  0%| F|  |TAMS 0x0000000704800000, 0x0000000704800000| Untracked 
|  45|0x0000000704900000, 0x0000000704900000, 0x0000000704a00000|  0%| F|  |TAMS 0x0000000704900000, 0x0000000704900000| Untracked 
|  46|0x0000000704a00000, 0x0000000704a00000, 0x0000000704b00000|  0%| F|  |TAMS 0x0000000704a00000, 0x0000000704a00000| Untracked 
|  47|0x0000000704b00000, 0x0000000704b00000, 0x0000000704c00000|  0%| F|  |TAMS 0x0000000704b00000, 0x0000000704b00000| Untracked 
|  48|0x0000000704c00000, 0x0000000704c00000, 0x0000000704d00000|  0%| F|  |TAMS 0x0000000704c00000, 0x0000000704c00000| Untracked 
|  49|0x0000000704d00000, 0x0000000704d00000, 0x0000000704e00000|  0%| F|  |TAMS 0x0000000704d00000, 0x0000000704d00000| Untracked 
|  50|0x0000000704e00000, 0x0000000704e00000, 0x0000000704f00000|  0%| F|  |TAMS 0x0000000704e00000, 0x0000000704e00000| Untracked 
|  51|0x0000000704f00000, 0x0000000704f00000, 0x0000000705000000|  0%| F|  |TAMS 0x0000000704f00000, 0x0000000704f00000| Untracked 
|  52|0x0000000705000000, 0x0000000705000000, 0x0000000705100000|  0%| F|  |TAMS 0x0000000705000000, 0x0000000705000000| Untracked 
|  53|0x0000000705100000, 0x0000000705100000, 0x0000000705200000|  0%| F|  |TAMS 0x0000000705100000, 0x0000000705100000| Untracked 
|  54|0x0000000705200000, 0x0000000705200000, 0x0000000705300000|  0%| F|  |TAMS 0x0000000705200000, 0x0000000705200000| Untracked 
|  55|0x0000000705300000, 0x0000000705300000, 0x0000000705400000|  0%| F|  |TAMS 0x0000000705300000, 0x0000000705300000| Untracked 
|  56|0x0000000705400000, 0x0000000705400000, 0x0000000705500000|  0%| F|  |TAMS 0x0000000705400000, 0x0000000705400000| Untracked 
|  57|0x0000000705500000, 0x0000000705500000, 0x0000000705600000|  0%| F|  |TAMS 0x0000000705500000, 0x0000000705500000| Untracked 
|  58|0x0000000705600000, 0x0000000705600000, 0x0000000705700000|  0%| F|  |TAMS 0x0000000705600000, 0x0000000705600000| Untracked 
|  59|0x0000000705700000, 0x0000000705700000, 0x0000000705800000|  0%| F|  |TAMS 0x0000000705700000, 0x0000000705700000| Untracked 
|  60|0x0000000705800000, 0x0000000705800000, 0x0000000705900000|  0%| F|  |TAMS 0x0000000705800000, 0x0000000705800000| Untracked 
|  61|0x0000000705900000, 0x0000000705900000, 0x0000000705a00000|  0%| F|  |TAMS 0x0000000705900000, 0x0000000705900000| Untracked 
|  62|0x0000000705a00000, 0x0000000705a00000, 0x0000000705b00000|  0%| F|  |TAMS 0x0000000705a00000, 0x0000000705a00000| Untracked 
|  63|0x0000000705b00000, 0x0000000705b00000, 0x0000000705c00000|  0%| F|  |TAMS 0x0000000705b00000, 0x0000000705b00000| Untracked 
|  64|0x0000000705c00000, 0x0000000705c00000, 0x0000000705d00000|  0%| F|  |TAMS 0x0000000705c00000, 0x0000000705c00000| Untracked 
|  65|0x0000000705d00000, 0x0000000705d00000, 0x0000000705e00000|  0%| F|  |TAMS 0x0000000705d00000, 0x0000000705d00000| Untracked 
|  66|0x0000000705e00000, 0x0000000705e00000, 0x0000000705f00000|  0%| F|  |TAMS 0x0000000705e00000, 0x0000000705e00000| Untracked 
|  67|0x0000000705f00000, 0x0000000705f00000, 0x0000000706000000|  0%| F|  |TAMS 0x0000000705f00000, 0x0000000705f00000| Untracked 
|  68|0x0000000706000000, 0x0000000706000000, 0x0000000706100000|  0%| F|  |TAMS 0x0000000706000000, 0x0000000706000000| Untracked 
|  69|0x0000000706100000, 0x0000000706100000, 0x0000000706200000|  0%| F|  |TAMS 0x0000000706100000, 0x0000000706100000| Untracked 
|  70|0x0000000706200000, 0x0000000706200000, 0x0000000706300000|  0%| F|  |TAMS 0x0000000706200000, 0x0000000706200000| Untracked 
|  71|0x0000000706300000, 0x0000000706300000, 0x0000000706400000|  0%| F|  |TAMS 0x0000000706300000, 0x0000000706300000| Untracked 
|  72|0x0000000706400000, 0x0000000706400000, 0x0000000706500000|  0%| F|  |TAMS 0x0000000706400000, 0x0000000706400000| Untracked 
|  73|0x0000000706500000, 0x0000000706500000, 0x0000000706600000|  0%| F|  |TAMS 0x0000000706500000, 0x0000000706500000| Untracked 
|  74|0x0000000706600000, 0x0000000706600000, 0x0000000706700000|  0%| F|  |TAMS 0x0000000706600000, 0x0000000706600000| Untracked 
|  75|0x0000000706700000, 0x0000000706700000, 0x0000000706800000|  0%| F|  |TAMS 0x0000000706700000, 0x0000000706700000| Untracked 
|  76|0x0000000706800000, 0x0000000706800000, 0x0000000706900000|  0%| F|  |TAMS 0x0000000706800000, 0x0000000706800000| Untracked 
|  77|0x0000000706900000, 0x0000000706900000, 0x0000000706a00000|  0%| F|  |TAMS 0x0000000706900000, 0x0000000706900000| Untracked 
|  78|0x0000000706a00000, 0x0000000706a00000, 0x0000000706b00000|  0%| F|  |TAMS 0x0000000706a00000, 0x0000000706a00000| Untracked 
|  79|0x0000000706b00000, 0x0000000706b00000, 0x0000000706c00000|  0%| F|  |TAMS 0x0000000706b00000, 0x0000000706b00000| Untracked 
|  80|0x0000000706c00000, 0x0000000706c00000, 0x0000000706d00000|  0%| F|  |TAMS 0x0000000706c00000, 0x0000000706c00000| Untracked 
|  81|0x0000000706d00000, 0x0000000706d00000, 0x0000000706e00000|  0%| F|  |TAMS 0x0000000706d00000, 0x0000000706d00000| Untracked 
|  82|0x0000000706e00000, 0x0000000706e00000, 0x0000000706f00000|  0%| F|  |TAMS 0x0000000706e00000, 0x0000000706e00000| Untracked 
|  83|0x0000000706f00000, 0x0000000706f00000, 0x0000000707000000|  0%| F|  |TAMS 0x0000000706f00000, 0x0000000706f00000| Untracked 
|  84|0x0000000707000000, 0x0000000707000000, 0x0000000707100000|  0%| F|  |TAMS 0x0000000707000000, 0x0000000707000000| Untracked 
|  85|0x0000000707100000, 0x0000000707100000, 0x0000000707200000|  0%| F|  |TAMS 0x0000000707100000, 0x0000000707100000| Untracked 
|  86|0x0000000707200000, 0x0000000707200000, 0x0000000707300000|  0%| F|  |TAMS 0x0000000707200000, 0x0000000707200000| Untracked 
|  87|0x0000000707300000, 0x0000000707300000, 0x0000000707400000|  0%| F|  |TAMS 0x0000000707300000, 0x0000000707300000| Untracked 
|  88|0x0000000707400000, 0x0000000707400000, 0x0000000707500000|  0%| F|  |TAMS 0x0000000707400000, 0x0000000707400000| Untracked 
|  89|0x0000000707500000, 0x0000000707500000, 0x0000000707600000|  0%| F|  |TAMS 0x0000000707500000, 0x0000000707500000| Untracked 
|  90|0x0000000707600000, 0x0000000707600000, 0x0000000707700000|  0%| F|  |TAMS 0x0000000707600000, 0x0000000707600000| Untracked 
|  91|0x0000000707700000, 0x0000000707700000, 0x0000000707800000|  0%| F|  |TAMS 0x0000000707700000, 0x0000000707700000| Untracked 
|  92|0x0000000707800000, 0x0000000707800000, 0x0000000707900000|  0%| F|  |TAMS 0x0000000707800000, 0x0000000707800000| Untracked 
|  93|0x0000000707900000, 0x0000000707900000, 0x0000000707a00000|  0%| F|  |TAMS 0x0000000707900000, 0x0000000707900000| Untracked 
|  94|0x0000000707a00000, 0x0000000707a00000, 0x0000000707b00000|  0%| F|  |TAMS 0x0000000707a00000, 0x0000000707a00000| Untracked 
|  95|0x0000000707b00000, 0x0000000707b00000, 0x0000000707c00000|  0%| F|  |TAMS 0x0000000707b00000, 0x0000000707b00000| Untracked 
|  96|0x0000000707c00000, 0x0000000707c00000, 0x0000000707d00000|  0%| F|  |TAMS 0x0000000707c00000, 0x0000000707c00000| Untracked 
|  97|0x0000000707d00000, 0x0000000707d80000, 0x0000000707e00000| 50%| S|CS|TAMS 0x0000000707d00000, 0x0000000707d00000| Complete 
|  98|0x0000000707e00000, 0x0000000707f00000, 0x0000000707f00000|100%| S|CS|TAMS 0x0000000707e00000, 0x0000000707e00000| Complete 
|  99|0x0000000707f00000, 0x0000000708000000, 0x0000000708000000|100%| S|CS|TAMS 0x0000000707f00000, 0x0000000707f00000| Complete 
| 100|0x0000000708000000, 0x0000000708100000, 0x0000000708100000|100%| S|CS|TAMS 0x0000000708000000, 0x0000000708000000| Complete 
| 101|0x0000000708100000, 0x0000000708200000, 0x0000000708200000|100%| S|CS|TAMS 0x0000000708100000, 0x0000000708100000| Complete 
| 102|0x0000000708200000, 0x0000000708300000, 0x0000000708300000|100%| S|CS|TAMS 0x0000000708200000, 0x0000000708200000| Complete 
| 103|0x0000000708300000, 0x0000000708400000, 0x0000000708400000|100%| S|CS|TAMS 0x0000000708300000, 0x0000000708300000| Complete 
| 104|0x0000000708400000, 0x0000000708500000, 0x0000000708500000|100%| S|CS|TAMS 0x0000000708400000, 0x0000000708400000| Complete 
| 105|0x0000000708500000, 0x0000000708600000, 0x0000000708600000|100%| S|CS|TAMS 0x0000000708500000, 0x0000000708500000| Complete 
| 106|0x0000000708600000, 0x0000000708700000, 0x0000000708700000|100%| S|CS|TAMS 0x0000000708600000, 0x0000000708600000| Complete 
| 107|0x0000000708700000, 0x0000000708800000, 0x0000000708800000|100%| S|CS|TAMS 0x0000000708700000, 0x0000000708700000| Complete 
| 108|0x0000000708800000, 0x0000000708900000, 0x0000000708900000|100%| S|CS|TAMS 0x0000000708800000, 0x0000000708800000| Complete 
| 109|0x0000000708900000, 0x0000000708900000, 0x0000000708a00000|  0%| F|  |TAMS 0x0000000708900000, 0x0000000708900000| Untracked 
| 110|0x0000000708a00000, 0x0000000708a00000, 0x0000000708b00000|  0%| F|  |TAMS 0x0000000708a00000, 0x0000000708a00000| Untracked 
| 111|0x0000000708b00000, 0x0000000708b00000, 0x0000000708c00000|  0%| F|  |TAMS 0x0000000708b00000, 0x0000000708b00000| Untracked 
| 112|0x0000000708c00000, 0x0000000708c00000, 0x0000000708d00000|  0%| F|  |TAMS 0x0000000708c00000, 0x0000000708c00000| Untracked 
| 113|0x0000000708d00000, 0x0000000708d00000, 0x0000000708e00000|  0%| F|  |TAMS 0x0000000708d00000, 0x0000000708d00000| Untracked 
| 114|0x0000000708e00000, 0x0000000708e00000, 0x0000000708f00000|  0%| F|  |TAMS 0x0000000708e00000, 0x0000000708e00000| Untracked 
| 115|0x0000000708f00000, 0x0000000708f00000, 0x0000000709000000|  0%| F|  |TAMS 0x0000000708f00000, 0x0000000708f00000| Untracked 
| 116|0x0000000709000000, 0x0000000709000000, 0x0000000709100000|  0%| F|  |TAMS 0x0000000709000000, 0x0000000709000000| Untracked 
| 117|0x0000000709100000, 0x0000000709100000, 0x0000000709200000|  0%| F|  |TAMS 0x0000000709100000, 0x0000000709100000| Untracked 
| 118|0x0000000709200000, 0x0000000709200000, 0x0000000709300000|  0%| F|  |TAMS 0x0000000709200000, 0x0000000709200000| Untracked 
| 119|0x0000000709300000, 0x0000000709300000, 0x0000000709400000|  0%| F|  |TAMS 0x0000000709300000, 0x0000000709300000| Untracked 
| 120|0x0000000709400000, 0x0000000709400000, 0x0000000709500000|  0%| F|  |TAMS 0x0000000709400000, 0x0000000709400000| Untracked 
| 121|0x0000000709500000, 0x0000000709500000, 0x0000000709600000|  0%| F|  |TAMS 0x0000000709500000, 0x0000000709500000| Untracked 
| 122|0x0000000709600000, 0x0000000709600000, 0x0000000709700000|  0%| F|  |TAMS 0x0000000709600000, 0x0000000709600000| Untracked 
| 123|0x0000000709700000, 0x0000000709700000, 0x0000000709800000|  0%| F|  |TAMS 0x0000000709700000, 0x0000000709700000| Untracked 
| 124|0x0000000709800000, 0x0000000709800000, 0x0000000709900000|  0%| F|  |TAMS 0x0000000709800000, 0x0000000709800000| Untracked 
| 125|0x0000000709900000, 0x0000000709900000, 0x0000000709a00000|  0%| F|  |TAMS 0x0000000709900000, 0x0000000709900000| Untracked 
| 126|0x0000000709a00000, 0x0000000709a00000, 0x0000000709b00000|  0%| F|  |TAMS 0x0000000709a00000, 0x0000000709a00000| Untracked 
| 127|0x0000000709b00000, 0x0000000709b00000, 0x0000000709c00000|  0%| F|  |TAMS 0x0000000709b00000, 0x0000000709b00000| Untracked 
| 128|0x0000000709c00000, 0x0000000709c00000, 0x0000000709d00000|  0%| F|  |TAMS 0x0000000709c00000, 0x0000000709c00000| Untracked 
| 129|0x0000000709d00000, 0x0000000709d00000, 0x0000000709e00000|  0%| F|  |TAMS 0x0000000709d00000, 0x0000000709d00000| Untracked 
| 130|0x0000000709e00000, 0x0000000709e00000, 0x0000000709f00000|  0%| F|  |TAMS 0x0000000709e00000, 0x0000000709e00000| Untracked 
| 131|0x0000000709f00000, 0x0000000709f00000, 0x000000070a000000|  0%| F|  |TAMS 0x0000000709f00000, 0x0000000709f00000| Untracked 
| 132|0x000000070a000000, 0x000000070a000000, 0x000000070a100000|  0%| F|  |TAMS 0x000000070a000000, 0x000000070a000000| Untracked 
| 133|0x000000070a100000, 0x000000070a100000, 0x000000070a200000|  0%| F|  |TAMS 0x000000070a100000, 0x000000070a100000| Untracked 
| 134|0x000000070a200000, 0x000000070a200000, 0x000000070a300000|  0%| F|  |TAMS 0x000000070a200000, 0x000000070a200000| Untracked 
| 135|0x000000070a300000, 0x000000070a300000, 0x000000070a400000|  0%| F|  |TAMS 0x000000070a300000, 0x000000070a300000| Untracked 
| 136|0x000000070a400000, 0x000000070a400000, 0x000000070a500000|  0%| F|  |TAMS 0x000000070a400000, 0x000000070a400000| Untracked 
| 137|0x000000070a500000, 0x000000070a500000, 0x000000070a600000|  0%| F|  |TAMS 0x000000070a500000, 0x000000070a500000| Untracked 
| 138|0x000000070a600000, 0x000000070a600000, 0x000000070a700000|  0%| F|  |TAMS 0x000000070a600000, 0x000000070a600000| Untracked 
| 139|0x000000070a700000, 0x000000070a700000, 0x000000070a800000|  0%| F|  |TAMS 0x000000070a700000, 0x000000070a700000| Untracked 
| 140|0x000000070a800000, 0x000000070a800000, 0x000000070a900000|  0%| F|  |TAMS 0x000000070a800000, 0x000000070a800000| Untracked 
| 141|0x000000070a900000, 0x000000070a900000, 0x000000070aa00000|  0%| F|  |TAMS 0x000000070a900000, 0x000000070a900000| Untracked 
| 142|0x000000070aa00000, 0x000000070aa00000, 0x000000070ab00000|  0%| F|  |TAMS 0x000000070aa00000, 0x000000070aa00000| Untracked 
| 143|0x000000070ab00000, 0x000000070ab00000, 0x000000070ac00000|  0%| F|  |TAMS 0x000000070ab00000, 0x000000070ab00000| Untracked 
| 144|0x000000070ac00000, 0x000000070ac00000, 0x000000070ad00000|  0%| F|  |TAMS 0x000000070ac00000, 0x000000070ac00000| Untracked 
| 145|0x000000070ad00000, 0x000000070ad00000, 0x000000070ae00000|  0%| F|  |TAMS 0x000000070ad00000, 0x000000070ad00000| Untracked 
| 146|0x000000070ae00000, 0x000000070ae00000, 0x000000070af00000|  0%| F|  |TAMS 0x000000070ae00000, 0x000000070ae00000| Untracked 
| 147|0x000000070af00000, 0x000000070af00000, 0x000000070b000000|  0%| F|  |TAMS 0x000000070af00000, 0x000000070af00000| Untracked 
| 148|0x000000070b000000, 0x000000070b000000, 0x000000070b100000|  0%| F|  |TAMS 0x000000070b000000, 0x000000070b000000| Untracked 
| 149|0x000000070b100000, 0x000000070b100000, 0x000000070b200000|  0%| F|  |TAMS 0x000000070b100000, 0x000000070b100000| Untracked 
| 150|0x000000070b200000, 0x000000070b200000, 0x000000070b300000|  0%| F|  |TAMS 0x000000070b200000, 0x000000070b200000| Untracked 
| 151|0x000000070b300000, 0x000000070b300000, 0x000000070b400000|  0%| F|  |TAMS 0x000000070b300000, 0x000000070b300000| Untracked 
| 152|0x000000070b400000, 0x000000070b400000, 0x000000070b500000|  0%| F|  |TAMS 0x000000070b400000, 0x000000070b400000| Untracked 
| 153|0x000000070b500000, 0x000000070b500000, 0x000000070b600000|  0%| F|  |TAMS 0x000000070b500000, 0x000000070b500000| Untracked 
| 154|0x000000070b600000, 0x000000070b600000, 0x000000070b700000|  0%| F|  |TAMS 0x000000070b600000, 0x000000070b600000| Untracked 
| 155|0x000000070b700000, 0x000000070b700000, 0x000000070b800000|  0%| F|  |TAMS 0x000000070b700000, 0x000000070b700000| Untracked 
| 156|0x000000070b800000, 0x000000070b800000, 0x000000070b900000|  0%| F|  |TAMS 0x000000070b800000, 0x000000070b800000| Untracked 
| 157|0x000000070b900000, 0x000000070b900000, 0x000000070ba00000|  0%| F|  |TAMS 0x000000070b900000, 0x000000070b900000| Untracked 
| 158|0x000000070ba00000, 0x000000070ba00000, 0x000000070bb00000|  0%| F|  |TAMS 0x000000070ba00000, 0x000000070ba00000| Untracked 
| 159|0x000000070bb00000, 0x000000070bb00000, 0x000000070bc00000|  0%| F|  |TAMS 0x000000070bb00000, 0x000000070bb00000| Untracked 
| 160|0x000000070bc00000, 0x000000070bc00000, 0x000000070bd00000|  0%| F|  |TAMS 0x000000070bc00000, 0x000000070bc00000| Untracked 
| 161|0x000000070bd00000, 0x000000070bd00000, 0x000000070be00000|  0%| F|  |TAMS 0x000000070bd00000, 0x000000070bd00000| Untracked 
| 162|0x000000070be00000, 0x000000070be00000, 0x000000070bf00000|  0%| F|  |TAMS 0x000000070be00000, 0x000000070be00000| Untracked 
| 163|0x000000070bf00000, 0x000000070bf00000, 0x000000070c000000|  0%| F|  |TAMS 0x000000070bf00000, 0x000000070bf00000| Untracked 
| 164|0x000000070c000000, 0x000000070c000000, 0x000000070c100000|  0%| F|  |TAMS 0x000000070c000000, 0x000000070c000000| Untracked 
| 165|0x000000070c100000, 0x000000070c100000, 0x000000070c200000|  0%| F|  |TAMS 0x000000070c100000, 0x000000070c100000| Untracked 
| 166|0x000000070c200000, 0x000000070c200000, 0x000000070c300000|  0%| F|  |TAMS 0x000000070c200000, 0x000000070c200000| Untracked 
| 167|0x000000070c300000, 0x000000070c300000, 0x000000070c400000|  0%| F|  |TAMS 0x000000070c300000, 0x000000070c300000| Untracked 
| 168|0x000000070c400000, 0x000000070c400000, 0x000000070c500000|  0%| F|  |TAMS 0x000000070c400000, 0x000000070c400000| Untracked 
| 169|0x000000070c500000, 0x000000070c500000, 0x000000070c600000|  0%| F|  |TAMS 0x000000070c500000, 0x000000070c500000| Untracked 
| 170|0x000000070c600000, 0x000000070c600000, 0x000000070c700000|  0%| F|  |TAMS 0x000000070c600000, 0x000000070c600000| Untracked 
| 171|0x000000070c700000, 0x000000070c700000, 0x000000070c800000|  0%| F|  |TAMS 0x000000070c700000, 0x000000070c700000| Untracked 
| 172|0x000000070c800000, 0x000000070c800000, 0x000000070c900000|  0%| F|  |TAMS 0x000000070c800000, 0x000000070c800000| Untracked 
| 173|0x000000070c900000, 0x000000070c900000, 0x000000070ca00000|  0%| F|  |TAMS 0x000000070c900000, 0x000000070c900000| Untracked 
| 174|0x000000070ca00000, 0x000000070ca00000, 0x000000070cb00000|  0%| F|  |TAMS 0x000000070ca00000, 0x000000070ca00000| Untracked 
| 175|0x000000070cb00000, 0x000000070cb00000, 0x000000070cc00000|  0%| F|  |TAMS 0x000000070cb00000, 0x000000070cb00000| Untracked 
| 176|0x000000070cc00000, 0x000000070cc00000, 0x000000070cd00000|  0%| F|  |TAMS 0x000000070cc00000, 0x000000070cc00000| Untracked 
| 177|0x000000070cd00000, 0x000000070cd00000, 0x000000070ce00000|  0%| F|  |TAMS 0x000000070cd00000, 0x000000070cd00000| Untracked 
| 178|0x000000070ce00000, 0x000000070ce00000, 0x000000070cf00000|  0%| F|  |TAMS 0x000000070ce00000, 0x000000070ce00000| Untracked 
| 179|0x000000070cf00000, 0x000000070cf00000, 0x000000070d000000|  0%| F|  |TAMS 0x000000070cf00000, 0x000000070cf00000| Untracked 
| 180|0x000000070d000000, 0x000000070d000000, 0x000000070d100000|  0%| F|  |TAMS 0x000000070d000000, 0x000000070d000000| Untracked 
| 181|0x000000070d100000, 0x000000070d100000, 0x000000070d200000|  0%| F|  |TAMS 0x000000070d100000, 0x000000070d100000| Untracked 
| 182|0x000000070d200000, 0x000000070d200000, 0x000000070d300000|  0%| F|  |TAMS 0x000000070d200000, 0x000000070d200000| Untracked 
| 183|0x000000070d300000, 0x000000070d300000, 0x000000070d400000|  0%| F|  |TAMS 0x000000070d300000, 0x000000070d300000| Untracked 
| 184|0x000000070d400000, 0x000000070d400000, 0x000000070d500000|  0%| F|  |TAMS 0x000000070d400000, 0x000000070d400000| Untracked 
| 185|0x000000070d500000, 0x000000070d500000, 0x000000070d600000|  0%| F|  |TAMS 0x000000070d500000, 0x000000070d500000| Untracked 
| 186|0x000000070d600000, 0x000000070d600000, 0x000000070d700000|  0%| F|  |TAMS 0x000000070d600000, 0x000000070d600000| Untracked 
| 187|0x000000070d700000, 0x000000070d700000, 0x000000070d800000|  0%| F|  |TAMS 0x000000070d700000, 0x000000070d700000| Untracked 
| 188|0x000000070d800000, 0x000000070d800000, 0x000000070d900000|  0%| F|  |TAMS 0x000000070d800000, 0x000000070d800000| Untracked 
| 189|0x000000070d900000, 0x000000070d900000, 0x000000070da00000|  0%| F|  |TAMS 0x000000070d900000, 0x000000070d900000| Untracked 
| 190|0x000000070da00000, 0x000000070da00000, 0x000000070db00000|  0%| F|  |TAMS 0x000000070da00000, 0x000000070da00000| Untracked 
| 191|0x000000070db00000, 0x000000070db00000, 0x000000070dc00000|  0%| F|  |TAMS 0x000000070db00000, 0x000000070db00000| Untracked 
| 192|0x000000070dc00000, 0x000000070dc00000, 0x000000070dd00000|  0%| F|  |TAMS 0x000000070dc00000, 0x000000070dc00000| Untracked 
| 193|0x000000070dd00000, 0x000000070dd00000, 0x000000070de00000|  0%| F|  |TAMS 0x000000070dd00000, 0x000000070dd00000| Untracked 
| 194|0x000000070de00000, 0x000000070de00000, 0x000000070df00000|  0%| F|  |TAMS 0x000000070de00000, 0x000000070de00000| Untracked 
| 195|0x000000070df00000, 0x000000070df00000, 0x000000070e000000|  0%| F|  |TAMS 0x000000070df00000, 0x000000070df00000| Untracked 
| 196|0x000000070e000000, 0x000000070e000000, 0x000000070e100000|  0%| F|  |TAMS 0x000000070e000000, 0x000000070e000000| Untracked 
| 197|0x000000070e100000, 0x000000070e100000, 0x000000070e200000|  0%| F|  |TAMS 0x000000070e100000, 0x000000070e100000| Untracked 
| 198|0x000000070e200000, 0x000000070e200000, 0x000000070e300000|  0%| F|  |TAMS 0x000000070e200000, 0x000000070e200000| Untracked 
| 199|0x000000070e300000, 0x000000070e300000, 0x000000070e400000|  0%| F|  |TAMS 0x000000070e300000, 0x000000070e300000| Untracked 
| 200|0x000000070e400000, 0x000000070e400000, 0x000000070e500000|  0%| F|  |TAMS 0x000000070e400000, 0x000000070e400000| Untracked 
| 201|0x000000070e500000, 0x000000070e500000, 0x000000070e600000|  0%| F|  |TAMS 0x000000070e500000, 0x000000070e500000| Untracked 
| 202|0x000000070e600000, 0x000000070e600000, 0x000000070e700000|  0%| F|  |TAMS 0x000000070e600000, 0x000000070e600000| Untracked 
| 203|0x000000070e700000, 0x000000070e700000, 0x000000070e800000|  0%| F|  |TAMS 0x000000070e700000, 0x000000070e700000| Untracked 
| 204|0x000000070e800000, 0x000000070e800000, 0x000000070e900000|  0%| F|  |TAMS 0x000000070e800000, 0x000000070e800000| Untracked 
| 205|0x000000070e900000, 0x000000070e900000, 0x000000070ea00000|  0%| F|  |TAMS 0x000000070e900000, 0x000000070e900000| Untracked 
| 206|0x000000070ea00000, 0x000000070ea00000, 0x000000070eb00000|  0%| F|  |TAMS 0x000000070ea00000, 0x000000070ea00000| Untracked 
| 207|0x000000070eb00000, 0x000000070eb00000, 0x000000070ec00000|  0%| F|  |TAMS 0x000000070eb00000, 0x000000070eb00000| Untracked 
| 208|0x000000070ec00000, 0x000000070ec00000, 0x000000070ed00000|  0%| F|  |TAMS 0x000000070ec00000, 0x000000070ec00000| Untracked 
| 209|0x000000070ed00000, 0x000000070ed00000, 0x000000070ee00000|  0%| F|  |TAMS 0x000000070ed00000, 0x000000070ed00000| Untracked 
| 210|0x000000070ee00000, 0x000000070ee00000, 0x000000070ef00000|  0%| F|  |TAMS 0x000000070ee00000, 0x000000070ee00000| Untracked 
| 211|0x000000070ef00000, 0x000000070ef00000, 0x000000070f000000|  0%| F|  |TAMS 0x000000070ef00000, 0x000000070ef00000| Untracked 
| 212|0x000000070f000000, 0x000000070f000000, 0x000000070f100000|  0%| F|  |TAMS 0x000000070f000000, 0x000000070f000000| Untracked 
| 213|0x000000070f100000, 0x000000070f100000, 0x000000070f200000|  0%| F|  |TAMS 0x000000070f100000, 0x000000070f100000| Untracked 
| 214|0x000000070f200000, 0x000000070f200000, 0x000000070f300000|  0%| F|  |TAMS 0x000000070f200000, 0x000000070f200000| Untracked 
| 215|0x000000070f300000, 0x000000070f300000, 0x000000070f400000|  0%| F|  |TAMS 0x000000070f300000, 0x000000070f300000| Untracked 
| 216|0x000000070f400000, 0x000000070f400000, 0x000000070f500000|  0%| F|  |TAMS 0x000000070f400000, 0x000000070f400000| Untracked 
| 217|0x000000070f500000, 0x000000070f500000, 0x000000070f600000|  0%| F|  |TAMS 0x000000070f500000, 0x000000070f500000| Untracked 
| 218|0x000000070f600000, 0x000000070f600000, 0x000000070f700000|  0%| F|  |TAMS 0x000000070f600000, 0x000000070f600000| Untracked 
| 219|0x000000070f700000, 0x000000070f700000, 0x000000070f800000|  0%| F|  |TAMS 0x000000070f700000, 0x000000070f700000| Untracked 
| 220|0x000000070f800000, 0x000000070f800000, 0x000000070f900000|  0%| F|  |TAMS 0x000000070f800000, 0x000000070f800000| Untracked 
| 221|0x000000070f900000, 0x000000070f900000, 0x000000070fa00000|  0%| F|  |TAMS 0x000000070f900000, 0x000000070f900000| Untracked 
| 222|0x000000070fa00000, 0x000000070fa00000, 0x000000070fb00000|  0%| F|  |TAMS 0x000000070fa00000, 0x000000070fa00000| Untracked 
| 223|0x000000070fb00000, 0x000000070fb00000, 0x000000070fc00000|  0%| F|  |TAMS 0x000000070fb00000, 0x000000070fb00000| Untracked 
| 224|0x000000070fc00000, 0x000000070fc00000, 0x000000070fd00000|  0%| F|  |TAMS 0x000000070fc00000, 0x000000070fc00000| Untracked 
| 225|0x000000070fd00000, 0x000000070fd00000, 0x000000070fe00000|  0%| F|  |TAMS 0x000000070fd00000, 0x000000070fd00000| Untracked 
| 226|0x000000070fe00000, 0x000000070fe00000, 0x000000070ff00000|  0%| F|  |TAMS 0x000000070fe00000, 0x000000070fe00000| Untracked 
| 227|0x000000070ff00000, 0x000000070ff00000, 0x0000000710000000|  0%| F|  |TAMS 0x000000070ff00000, 0x000000070ff00000| Untracked 
| 228|0x0000000710000000, 0x0000000710000000, 0x0000000710100000|  0%| F|  |TAMS 0x0000000710000000, 0x0000000710000000| Untracked 
| 229|0x0000000710100000, 0x0000000710100000, 0x0000000710200000|  0%| F|  |TAMS 0x0000000710100000, 0x0000000710100000| Untracked 
| 230|0x0000000710200000, 0x0000000710200000, 0x0000000710300000|  0%| F|  |TAMS 0x0000000710200000, 0x0000000710200000| Untracked 
| 231|0x0000000710300000, 0x0000000710300000, 0x0000000710400000|  0%| F|  |TAMS 0x0000000710300000, 0x0000000710300000| Untracked 
| 232|0x0000000710400000, 0x0000000710400000, 0x0000000710500000|  0%| F|  |TAMS 0x0000000710400000, 0x0000000710400000| Untracked 
| 233|0x0000000710500000, 0x0000000710500000, 0x0000000710600000|  0%| F|  |TAMS 0x0000000710500000, 0x0000000710500000| Untracked 
| 234|0x0000000710600000, 0x0000000710600000, 0x0000000710700000|  0%| F|  |TAMS 0x0000000710600000, 0x0000000710600000| Untracked 
| 235|0x0000000710700000, 0x0000000710700000, 0x0000000710800000|  0%| F|  |TAMS 0x0000000710700000, 0x0000000710700000| Untracked 
| 236|0x0000000710800000, 0x0000000710800000, 0x0000000710900000|  0%| F|  |TAMS 0x0000000710800000, 0x0000000710800000| Untracked 
| 237|0x0000000710900000, 0x0000000710900000, 0x0000000710a00000|  0%| F|  |TAMS 0x0000000710900000, 0x0000000710900000| Untracked 
| 238|0x0000000710a00000, 0x0000000710a00000, 0x0000000710b00000|  0%| F|  |TAMS 0x0000000710a00000, 0x0000000710a00000| Untracked 
| 239|0x0000000710b00000, 0x0000000710b00000, 0x0000000710c00000|  0%| F|  |TAMS 0x0000000710b00000, 0x0000000710b00000| Untracked 
| 240|0x0000000710c00000, 0x0000000710c00000, 0x0000000710d00000|  0%| F|  |TAMS 0x0000000710c00000, 0x0000000710c00000| Untracked 
| 241|0x0000000710d00000, 0x0000000710d00000, 0x0000000710e00000|  0%| F|  |TAMS 0x0000000710d00000, 0x0000000710d00000| Untracked 
| 242|0x0000000710e00000, 0x0000000710e00000, 0x0000000710f00000|  0%| F|  |TAMS 0x0000000710e00000, 0x0000000710e00000| Untracked 
| 243|0x0000000710f00000, 0x0000000710f00000, 0x0000000711000000|  0%| F|  |TAMS 0x0000000710f00000, 0x0000000710f00000| Untracked 
| 244|0x0000000711000000, 0x0000000711000000, 0x0000000711100000|  0%| F|  |TAMS 0x0000000711000000, 0x0000000711000000| Untracked 
| 245|0x0000000711100000, 0x0000000711100000, 0x0000000711200000|  0%| F|  |TAMS 0x0000000711100000, 0x0000000711100000| Untracked 
| 246|0x0000000711200000, 0x0000000711200000, 0x0000000711300000|  0%| F|  |TAMS 0x0000000711200000, 0x0000000711200000| Untracked 
| 247|0x0000000711300000, 0x0000000711300000, 0x0000000711400000|  0%| F|  |TAMS 0x0000000711300000, 0x0000000711300000| Untracked 
| 248|0x0000000711400000, 0x0000000711400000, 0x0000000711500000|  0%| F|  |TAMS 0x0000000711400000, 0x0000000711400000| Untracked 
| 249|0x0000000711500000, 0x0000000711500000, 0x0000000711600000|  0%| F|  |TAMS 0x0000000711500000, 0x0000000711500000| Untracked 
| 250|0x0000000711600000, 0x0000000711600000, 0x0000000711700000|  0%| F|  |TAMS 0x0000000711600000, 0x0000000711600000| Untracked 
| 251|0x0000000711700000, 0x0000000711700000, 0x0000000711800000|  0%| F|  |TAMS 0x0000000711700000, 0x0000000711700000| Untracked 
| 252|0x0000000711800000, 0x0000000711800000, 0x0000000711900000|  0%| F|  |TAMS 0x0000000711800000, 0x0000000711800000| Untracked 
| 253|0x0000000711900000, 0x0000000711900000, 0x0000000711a00000|  0%| F|  |TAMS 0x0000000711900000, 0x0000000711900000| Untracked 
| 254|0x0000000711a00000, 0x0000000711a00000, 0x0000000711b00000|  0%| F|  |TAMS 0x0000000711a00000, 0x0000000711a00000| Untracked 
| 255|0x0000000711b00000, 0x0000000711b00000, 0x0000000711c00000|  0%| F|  |TAMS 0x0000000711b00000, 0x0000000711b00000| Untracked 

Card table byte_map: [0x000001c1f6c80000,0x000001c1f7480000] _byte_map_base: 0x000001c1f3472000

Marking Bits (Prev, Next): (CMBitMap*) 0x000001c1ec3bc700, (CMBitMap*) 0x000001c1ec3bc6c8
 Prev Bits: [0x000001c1fbc10000, 0x000001c1ffba0000)
 Next Bits: [0x000001c1f7c80000, 0x000001c1fbc10000)

Polling page: 0x000001c1ec0e0000

Metaspace:

Usage:
  Non-class:     59.55 MB capacity,    58.72 MB ( 99%) used,   643.56 KB (  1%) free+waste,   202.63 KB ( <1%) overhead. 
      Class:      9.21 MB capacity,     8.61 MB ( 94%) used,   513.91 KB (  5%) free+waste,    93.69 KB ( <1%) overhead. 
       Both:     68.75 MB capacity,    67.33 MB ( 98%) used,     1.13 MB (  2%) free+waste,   296.31 KB ( <1%) overhead. 

Virtual space:
  Non-class space:       68.00 MB reserved,      59.58 MB ( 88%) committed 
      Class space:        1.00 GB reserved,       9.25 MB ( <1%) committed 
             Both:        1.07 GB reserved,      68.83 MB (  6%) committed 

Chunk freelists:
   Non-Class:  3.88 KB
       Class:  1.63 KB
        Both:  5.50 KB

CodeHeap 'non-profiled nmethods': size=120064Kb used=5356Kb max_used=6092Kb free=114708Kb
 bounds [0x000001c187ac0000, 0x000001c1880c0000, 0x000001c18f000000]
CodeHeap 'profiled nmethods': size=120000Kb used=11831Kb max_used=14207Kb free=108168Kb
 bounds [0x000001c180590000, 0x000001c181370000, 0x000001c187ac0000]
CodeHeap 'non-nmethods': size=5696Kb used=1318Kb max_used=1430Kb free=4377Kb
 bounds [0x000001c180000000, 0x000001c180270000, 0x000001c180590000]
 total_blobs=7397 nmethods=4848 adapters=519
 compilation: enabled
              stopped_count=0, restarted_count=0
 full_count=0

Compilation events (10 events):
Event: 50.583 Thread 0x000001c191c19800 5489   !   3       io.netty.util.HashedWheelTimer$Worker::waitForNextTick (120 bytes)
Event: 50.583 Thread 0x000001c191c19800 nmethod 5489 0x000001c18059d090 code [0x000001c18059d2c0, 0x000001c18059da40]
Event: 50.683 Thread 0x000001c191c19800 5490   !   3       io.netty.util.HashedWheelTimer$Worker::processCancelledTasks (57 bytes)
Event: 50.684 Thread 0x000001c191c19800 nmethod 5490 0x000001c18059c090 code [0x000001c18059c300, 0x000001c18059cd00]
Event: 50.684 Thread 0x000001c191c19800 5491       3       io.netty.util.HashedWheelTimer$Worker::transferTimeoutsToBuckets (124 bytes)
Event: 50.685 Thread 0x000001c191c19800 nmethod 5491 0x000001c1805a0a90 code [0x000001c1805a0cc0, 0x000001c1805a1460]
Event: 50.685 Thread 0x000001c191c19800 5492       3       io.netty.util.HashedWheelTimer$HashedWheelBucket::expireTimeouts (115 bytes)
Event: 50.686 Thread 0x000001c191c19800 nmethod 5492 0x000001c1805a3990 code [0x000001c1805a3ce0, 0x000001c1805a4e90]
Event: 63.383 Thread 0x000001c191c19800 5493       3       io.netty.util.HashedWheelTimer::access$600 (4 bytes)
Event: 63.384 Thread 0x000001c191c19800 nmethod 5493 0x000001c180594d10 code [0x000001c180594ec0, 0x000001c180595018]

GC Heap History (10 events):
Event: 16.797 GC heap before
{Heap before GC invocations=8 (full 0):
 garbage-first heap   total 262144K, used 45816K [0x0000000701c00000, 0x0000000800000000)
  region size 1024K, 38 young (38912K), 8 survivors (8192K)
 Metaspace       used 34645K, capacity 35733K, committed 35888K, reserved 1081344K
  class space    used 3953K, capacity 4378K, committed 4480K, reserved 1048576K
}
Event: 16.815 GC heap after
{Heap after GC invocations=9 (full 0):
 garbage-first heap   total 262144K, used 16645K [0x0000000701c00000, 0x0000000800000000)
  region size 1024K, 9 young (9216K), 9 survivors (9216K)
 Metaspace       used 34645K, capacity 35733K, committed 35888K, reserved 1081344K
  class space    used 3953K, capacity 4378K, committed 4480K, reserved 1048576K
}
Event: 22.210 GC heap before
{Heap before GC invocations=10 (full 0):
 garbage-first heap   total 262144K, used 163077K [0x0000000701c00000, 0x0000000800000000)
  region size 1024K, 152 young (155648K), 9 survivors (9216K)
 Metaspace       used 43630K, capacity 44870K, committed 45104K, reserved 1089536K
  class space    used 5260K, capacity 5760K, committed 5760K, reserved 1048576K
}
Event: 22.232 GC heap after
{Heap after GC invocations=11 (full 0):
 garbage-first heap   total 262144K, used 19758K [0x0000000701c00000, 0x0000000800000000)
  region size 1024K, 12 young (12288K), 12 survivors (12288K)
 Metaspace       used 43630K, capacity 44870K, committed 45104K, reserved 1089536K
  class space    used 5260K, capacity 5760K, committed 5760K, reserved 1048576K
}
Event: 27.106 GC heap before
{Heap before GC invocations=11 (full 0):
 garbage-first heap   total 262144K, used 164142K [0x0000000701c00000, 0x0000000800000000)
  region size 1024K, 153 young (156672K), 12 survivors (12288K)
 Metaspace       used 53042K, capacity 54459K, committed 54704K, reserved 1097728K
  class space    used 6729K, capacity 7315K, committed 7424K, reserved 1048576K
}
Event: 27.127 GC heap after
{Heap after GC invocations=12 (full 0):
 garbage-first heap   total 262144K, used 22947K [0x0000000701c00000, 0x0000000800000000)
  region size 1024K, 14 young (14336K), 14 survivors (14336K)
 Metaspace       used 53042K, capacity 54459K, committed 54704K, reserved 1097728K
  class space    used 6729K, capacity 7315K, committed 7424K, reserved 1048576K
}
Event: 29.198 GC heap before
{Heap before GC invocations=12 (full 0):
 garbage-first heap   total 262144K, used 91555K [0x0000000701c00000, 0x0000000800000000)
  region size 1024K, 83 young (84992K), 14 survivors (14336K)
 Metaspace       used 58720K, capacity 60165K, committed 60240K, reserved 1101824K
  class space    used 7335K, capacity 7913K, committed 7936K, reserved 1048576K
}
Event: 29.234 GC heap after
{Heap after GC invocations=13 (full 0):
 garbage-first heap   total 262144K, used 24817K [0x0000000701c00000, 0x0000000800000000)
  region size 1024K, 12 young (12288K), 12 survivors (12288K)
 Metaspace       used 58720K, capacity 60165K, committed 60240K, reserved 1101824K
  class space    used 7335K, capacity 7913K, committed 7936K, reserved 1048576K
}
Event: 98.966 GC heap before
{Heap before GC invocations=14 (full 0):
 garbage-first heap   total 262144K, used 162033K [0x0000000701c00000, 0x0000000800000000)
  region size 1024K, 147 young (150528K), 12 survivors (12288K)
 Metaspace       used 68950K, capacity 70404K, committed 70480K, reserved 1116160K
  class space    used 8819K, capacity 9427K, committed 9472K, reserved 1048576K
}
Event: 98.987 GC heap after
{Heap after GC invocations=15 (full 0):
 garbage-first heap   total 262144K, used 26772K [0x0000000701c00000, 0x0000000800000000)
  region size 1024K, 12 young (12288K), 12 survivors (12288K)
 Metaspace       used 68950K, capacity 70404K, committed 70480K, reserved 1116160K
  class space    used 8819K, capacity 9427K, committed 9472K, reserved 1048576K
}

Deoptimization events (10 events):
Event: 35.041 Thread 0x000001c1ec35a000 Uncommon trap: reason=unhandled action=none pc=0x000001c187ff30c0 method=jdk.internal.loader.BuiltinClassLoader.loadClass(Ljava/lang/String;Z)Ljava/lang/Class; @ 19 c2
Event: 35.045 Thread 0x000001c1ec35a000 Uncommon trap: reason=unhandled action=none pc=0x000001c187ff30c0 method=jdk.internal.loader.BuiltinClassLoader.loadClass(Ljava/lang/String;Z)Ljava/lang/Class; @ 19 c2
Event: 35.049 Thread 0x000001c1ec35a000 Uncommon trap: reason=unhandled action=none pc=0x000001c187ff30c0 method=jdk.internal.loader.BuiltinClassLoader.loadClass(Ljava/lang/String;Z)Ljava/lang/Class; @ 19 c2
Event: 35.057 Thread 0x000001c1ec35a000 Uncommon trap: reason=unhandled action=none pc=0x000001c187ff30c0 method=jdk.internal.loader.BuiltinClassLoader.loadClass(Ljava/lang/String;Z)Ljava/lang/Class; @ 19 c2
Event: 35.061 Thread 0x000001c1ec35a000 Uncommon trap: reason=unhandled action=none pc=0x000001c187ff30c0 method=jdk.internal.loader.BuiltinClassLoader.loadClass(Ljava/lang/String;Z)Ljava/lang/Class; @ 19 c2
Event: 35.070 Thread 0x000001c1ec35a000 Uncommon trap: reason=unhandled action=none pc=0x000001c187ff30c0 method=jdk.internal.loader.BuiltinClassLoader.loadClass(Ljava/lang/String;Z)Ljava/lang/Class; @ 19 c2
Event: 35.075 Thread 0x000001c1ec35a000 Uncommon trap: reason=unhandled action=none pc=0x000001c187ff30c0 method=jdk.internal.loader.BuiltinClassLoader.loadClass(Ljava/lang/String;Z)Ljava/lang/Class; @ 19 c2
Event: 35.076 Thread 0x000001c1ec35a000 Uncommon trap: reason=unhandled action=none pc=0x000001c187ff30c0 method=jdk.internal.loader.BuiltinClassLoader.loadClass(Ljava/lang/String;Z)Ljava/lang/Class; @ 19 c2
Event: 35.077 Thread 0x000001c1ec35a000 Uncommon trap: reason=unhandled action=none pc=0x000001c187ff30c0 method=jdk.internal.loader.BuiltinClassLoader.loadClass(Ljava/lang/String;Z)Ljava/lang/Class; @ 19 c2
Event: 35.090 Thread 0x000001c1ec35a000 Uncommon trap: reason=null_check action=make_not_entrant pc=0x000001c187f26b40 method=org.springframework.util.ClassUtils.isAssignable(Ljava/lang/Class;Ljava/lang/Class;)Z @ 38 c2

Classes redefined (0 events):
No events

Internal exceptions (10 events):
Event: 32.430 Thread 0x000001c1ec35a000 Exception <a 'java/lang/NoSuchMethodError'{0x000000070c548a10}: java.lang.invoke.DirectMethodHandle$Holder.newInvokeSpecial(Ljava/lang/Object;Ljava/lang/Object;ILjava/lang/Object;Ljava/lang/Object;)Ljava/lang/Object;> (0x000000070c548a10) thrown at [t:/wo
Event: 34.535 Thread 0x000001c1ec35a000 Exception <a 'java/lang/NoSuchMethodError'{0x000000070a48d408}: java.lang.invoke.DirectMethodHandle$Holder.invokeStaticInit(Ljava/lang/Object;Ljava/lang/Object;Ljava/lang/Object;Ljava/lang/Object;II)Ljava/lang/Object;> (0x000000070a48d408) thrown at [t:/w
Event: 34.581 Thread 0x000001c1ec35a000 Exception <a 'java/lang/NoSuchMethodError'{0x000000070a2d66f0}: java.lang.invoke.DirectMethodHandle$Holder.invokeStaticInit(Ljava/lang/Object;Ljava/lang/Object;Ljava/lang/Object;Ljava/lang/Object;)V> (0x000000070a2d66f0) thrown at [t:/workspace/open/src/h
Event: 35.038 Thread 0x000001c1ec35a000 Exception <a 'java/lang/ClassNotFoundException'{0x0000000708ddf1f8}: java/lang/ObjectCustomizer> (0x0000000708ddf1f8) thrown at [t:/workspace/open/src/hotspot/share/classfile/systemDictionary.cpp, line 231]
Event: 35.042 Thread 0x000001c1ec35a000 Exception <a 'java/lang/ClassNotFoundException'{0x0000000708dfa8b0}: com/nttdata/nova/bookStore/BookStoreApplicationCustomizer> (0x0000000708dfa8b0) thrown at [t:/workspace/open/src/hotspot/share/classfile/systemDictionary.cpp, line 231]
Event: 35.050 Thread 0x000001c1ec35a000 Exception <a 'java/lang/ClassNotFoundException'{0x0000000708c1bac0}: com/nttdata/nova/bookStore/BookStoreApplication$$EnhancerBySpringCGLIB$$bcf60ce2Customizer> (0x0000000708c1bac0) thrown at [t:/workspace/open/src/hotspot/share/classfile/systemDictionary
Event: 35.068 Thread 0x000001c1ec35a000 Exception <a 'java/lang/ClassNotFoundException'{0x0000000708c411b8}: org/springframework/context/annotation/ConfigurationClassEnhancer$EnhancedConfigurationCustomizer> (0x0000000708c411b8) thrown at [t:/workspace/open/src/hotspot/share/classfile/systemDic
Event: 35.075 Thread 0x000001c1ec35a000 Exception <a 'java/lang/ClassNotFoundException'{0x0000000708c5aa40}: org/springframework/beans/factory/BeanFactoryAwareCustomizer> (0x0000000708c5aa40) thrown at [t:/workspace/open/src/hotspot/share/classfile/systemDictionary.cpp, line 231]
Event: 35.078 Thread 0x000001c1ec35a000 Exception <a 'java/lang/ClassNotFoundException'{0x0000000708c72958}: org/springframework/beans/factory/AwareCustomizer> (0x0000000708c72958) thrown at [t:/workspace/open/src/hotspot/share/classfile/systemDictionary.cpp, line 231]
Event: 35.090 Thread 0x000001c1ec35a000 Implicit null exception at 0x000001c187f26993 to 0x000001c187f26b34

Events (10 events):
Event: 98.534 loading class java/io/DeleteOnExitHook$1 done
Event: 98.535 loading class com/google/common/io/Files
Event: 98.535 loading class com/google/common/io/Files done
Event: 98.699 loading class com/google/common/collect/TreeTraverser
Event: 98.699 loading class com/google/common/collect/TreeTraverser done
Event: 98.801 loading class com/google/common/io/Files$2
Event: 98.801 loading class com/google/common/io/Files$2 done
Event: 98.890 loading class com/google/common/base/Predicate
Event: 98.890 loading class com/google/common/base/Predicate done
Event: 98.966 Executing VM operation: CollectForMetadataAllocation


Dynamic libraries:
0x00007ff72a3b0000 - 0x00007ff72a3f7000 	C:\Dev\HERRAMIENTAS\jdk-11.0.5\bin\javaw.exe
0x00007ff860910000 - 0x00007ff860af1000 	C:\WINDOWS\SYSTEM32\ntdll.dll
0x00007ff860820000 - 0x00007ff8608d1000 	C:\WINDOWS\System32\KERNEL32.DLL
0x00007ff85d850000 - 0x00007ff85dac3000 	C:\WINDOWS\System32\KERNELBASE.dll
0x00007ff8606a0000 - 0x00007ff860741000 	C:\WINDOWS\System32\ADVAPI32.dll
0x00007ff85ec00000 - 0x00007ff85ec9e000 	C:\WINDOWS\System32\msvcrt.dll
0x00007ff85df50000 - 0x00007ff85dfab000 	C:\WINDOWS\System32\sechost.dll
0x00007ff85e280000 - 0x00007ff85e3a2000 	C:\WINDOWS\System32\RPCRT4.dll
0x00007ff85ddc0000 - 0x00007ff85df50000 	C:\WINDOWS\System32\USER32.dll
0x00007ff85dd70000 - 0x00007ff85dd90000 	C:\WINDOWS\System32\win32u.dll
0x00007ff860340000 - 0x00007ff860368000 	C:\WINDOWS\System32\GDI32.dll
0x00007ff85cd60000 - 0x00007ff85cef4000 	C:\WINDOWS\System32\gdi32full.dll
0x00007ff85ccc0000 - 0x00007ff85cd5f000 	C:\WINDOWS\System32\msvcp_win.dll
0x00007ff85d750000 - 0x00007ff85d848000 	C:\WINDOWS\System32\ucrtbase.dll
0x00007ff84d450000 - 0x00007ff84d6b9000 	C:\WINDOWS\WinSxS\amd64_microsoft.windows.common-controls_6595b64144ccf1df_6.0.17134.2208_none_d3fb8d057c943d4a\COMCTL32.dll
0x00007ff860370000 - 0x00007ff860692000 	C:\WINDOWS\System32\combase.dll
0x00007ff85d6d0000 - 0x00007ff85d749000 	C:\WINDOWS\System32\bcryptPrimitives.dll
0x00007ff84a300000 - 0x00007ff84a30a000 	C:\WINDOWS\SYSTEM32\VERSION.dll
0x00007ff85dd90000 - 0x00007ff85ddbd000 	C:\WINDOWS\System32\IMM32.DLL
0x000001c1ec2d0000 - 0x000001c1ec2e3000 	C:\WINDOWS\System32\umppc14406.dll
0x00007ff854e90000 - 0x00007ff854ea6000 	C:\Dev\HERRAMIENTAS\jdk-11.0.5\bin\vcruntime140.dll
0x00007ff84b560000 - 0x00007ff84b60a000 	C:\Dev\HERRAMIENTAS\jdk-11.0.5\bin\msvcp140.dll
0x00007ff818010000 - 0x00007ff818b38000 	C:\Dev\HERRAMIENTAS\jdk-11.0.5\bin\server\jvm.dll
0x00007ff85e6c0000 - 0x00007ff85e6c8000 	C:\WINDOWS\System32\PSAPI.DLL
0x00007ff8426a0000 - 0x00007ff8426a9000 	C:\WINDOWS\SYSTEM32\WSOCK32.dll
0x00007ff85ee00000 - 0x00007ff85ee6c000 	C:\WINDOWS\System32\WS2_32.dll
0x00007ff8599f0000 - 0x00007ff859a13000 	C:\WINDOWS\SYSTEM32\WINMM.dll
0x00007ff8599c0000 - 0x00007ff8599ea000 	C:\WINDOWS\SYSTEM32\WINMMBASE.dll
0x00007ff85d680000 - 0x00007ff85d6c9000 	C:\WINDOWS\System32\cfgmgr32.dll
0x00007ff85cca0000 - 0x00007ff85ccb1000 	C:\WINDOWS\System32\kernel.appcore.dll
0x00007ff8515f0000 - 0x00007ff851601000 	C:\Dev\HERRAMIENTAS\jdk-11.0.5\bin\verify.dll
0x00007ff85b390000 - 0x00007ff85b559000 	C:\WINDOWS\SYSTEM32\DBGHELP.DLL
0x00007ff847310000 - 0x00007ff847339000 	C:\WINDOWS\SYSTEM32\dbgcore.DLL
0x00007ff8504d0000 - 0x00007ff8504f9000 	C:\Dev\HERRAMIENTAS\jdk-11.0.5\bin\java.dll
0x00007ff84f390000 - 0x00007ff84f3c7000 	C:\Dev\HERRAMIENTAS\jdk-11.0.5\bin\jdwp.dll
0x00007ff84f360000 - 0x00007ff84f38f000 	C:\Dev\HERRAMIENTAS\jdk-11.0.5\bin\instrument.dll
0x00007ff84e7e0000 - 0x00007ff84e7f6000 	C:\Dev\HERRAMIENTAS\jdk-11.0.5\bin\zip.dll
0x00007ff859ad0000 - 0x00007ff859ada000 	C:\Dev\HERRAMIENTAS\jdk-11.0.5\bin\jimage.dll
0x00007ff85eef0000 - 0x00007ff860336000 	C:\WINDOWS\System32\SHELL32.dll
0x00007ff85e1d0000 - 0x00007ff85e278000 	C:\WINDOWS\System32\shcore.dll
0x00007ff85cf00000 - 0x00007ff85d613000 	C:\WINDOWS\System32\windows.storage.dll
0x00007ff85e6d0000 - 0x00007ff85e721000 	C:\WINDOWS\System32\shlwapi.dll
0x00007ff85cc00000 - 0x00007ff85cc1f000 	C:\WINDOWS\System32\profapi.dll
0x00007ff85cc20000 - 0x00007ff85cc6c000 	C:\WINDOWS\System32\powrprof.dll
0x00007ff85cc90000 - 0x00007ff85cc9a000 	C:\WINDOWS\System32\FLTLIB.DLL
0x00007ff852070000 - 0x00007ff85207a000 	C:\Dev\HERRAMIENTAS\jdk-11.0.5\bin\dt_socket.dll
0x00007ff85c3d0000 - 0x00007ff85c436000 	C:\WINDOWS\System32\mswsock.dll
0x00007ff85c170000 - 0x00007ff85c22e000 	C:\WINDOWS\SYSTEM32\DNSAPI.dll
0x00007ff85ebf0000 - 0x00007ff85ebf8000 	C:\WINDOWS\System32\NSI.dll
0x00007ff85c130000 - 0x00007ff85c168000 	C:\WINDOWS\SYSTEM32\IPHLPAPI.DLL
0x00007ff8550d0000 - 0x00007ff855142000 	C:\WINDOWS\System32\fwpuclnt.dll
0x00007ff85c760000 - 0x00007ff85c785000 	C:\WINDOWS\SYSTEM32\bcrypt.dll
0x00007ff84f160000 - 0x00007ff84f16a000 	C:\Windows\System32\rasadhlp.dll
0x00007ff84cd50000 - 0x00007ff84cd69000 	C:\Dev\HERRAMIENTAS\jdk-11.0.5\bin\net.dll
0x00007ff84e9a0000 - 0x00007ff84ea7d000 	C:\WINDOWS\SYSTEM32\WINHTTP.dll
0x00007ff84c130000 - 0x00007ff84c143000 	C:\Dev\HERRAMIENTAS\jdk-11.0.5\bin\nio.dll
0x00007ff851ee0000 - 0x00007ff851ee9000 	C:\Dev\HERRAMIENTAS\jdk-11.0.5\bin\management.dll
0x00007ff850db0000 - 0x00007ff850dbc000 	C:\Dev\HERRAMIENTAS\jdk-11.0.5\bin\management_ext.dll
0x00007ff83b740000 - 0x00007ff83b756000 	C:\WINDOWS\system32\napinsp.dll
0x00007ff83b2e0000 - 0x00007ff83b2fa000 	C:\WINDOWS\system32\pnrpnsp.dll
0x00007ff857cf0000 - 0x00007ff857d09000 	C:\WINDOWS\system32\NLAapi.dll
0x00007ff83bed0000 - 0x00007ff83bede000 	C:\WINDOWS\System32\winrnr.dll
0x00007ff851b50000 - 0x00007ff851b65000 	C:\WINDOWS\System32\wshbth.dll
0x00007ff85c640000 - 0x00007ff85c657000 	C:\WINDOWS\SYSTEM32\CRYPTSP.dll
0x00007ff85bd60000 - 0x00007ff85bd93000 	C:\WINDOWS\system32\rsaenh.dll
0x00007ff85cb00000 - 0x00007ff85cb28000 	C:\WINDOWS\SYSTEM32\USERENV.dll
0x00007ff85c530000 - 0x00007ff85c53b000 	C:\WINDOWS\SYSTEM32\CRYPTBASE.dll
0x00007ff852600000 - 0x00007ff852616000 	C:\WINDOWS\SYSTEM32\dhcpcsvc6.DLL
0x00007ff852540000 - 0x00007ff85255a000 	C:\WINDOWS\SYSTEM32\dhcpcsvc.DLL

dbghelp: loaded successfully - version: 4.0.5 - missing functions: none
symbol engine: initialized successfully - sym options: 0x614 - pdb path: .;C:\Dev\HERRAMIENTAS\jdk-11.0.5\bin;C:\WINDOWS\SYSTEM32;C:\WINDOWS\WinSxS\amd64_microsoft.windows.common-controls_6595b64144ccf1df_6.0.17134.2208_none_d3fb8d057c943d4a;C:\Dev\HERRAMIENTAS\jdk-11.0.5\bin\server

VM Arguments:
jvm_args: -agentlib:jdwp=transport=dt_socket,suspend=y,address=localhost:49850 -ea -javaagent:C:\Dev\HERRAMIENTAS\eclipse\configuration\org.eclipse.osgi\415\0\.cp\lib\javaagent-shaded.jar -Dfile.encoding=UTF-8 
java_command: org.eclipse.jdt.internal.junit.runner.RemoteTestRunner -version 3 -port 49849 -testLoaderClass org.eclipse.jdt.internal.junit5.runner.JUnit5TestLoader -loaderpluginname org.eclipse.jdt.junit5.runtime -classNames com.nttdata.nova.bookStore.service.EditorialServiceTest
java_class_path (initial): C:\Dev\nova\ws_nova\2021\bookStoreCache\target\test-classes;C:\Dev\nova\ws_nova\2021\bookStoreCache\target\classes;C:\Dev\HERRAMIENTAS\m2_repo\org\springframework\boot\spring-boot-starter\2.5.6\spring-boot-starter-2.5.6.jar;C:\Dev\HERRAMIENTAS\m2_repo\org\springframework\boot\spring-boot\2.5.6\spring-boot-2.5.6.jar;C:\Dev\HERRAMIENTAS\m2_repo\org\springframework\spring-context\5.3.12\spring-context-5.3.12.jar;C:\Dev\HERRAMIENTAS\m2_repo\org\springframework\boot\spring-boot-autoconfigure\2.5.6\spring-boot-autoconfigure-2.5.6.jar;C:\Dev\HERRAMIENTAS\m2_repo\org\springframework\boot\spring-boot-starter-logging\2.5.6\spring-boot-starter-logging-2.5.6.jar;C:\Dev\HERRAMIENTAS\m2_repo\ch\qos\logback\logback-classic\1.2.6\logback-classic-1.2.6.jar;C:\Dev\HERRAMIENTAS\m2_repo\ch\qos\logback\logback-core\1.2.6\logback-core-1.2.6.jar;C:\Dev\HERRAMIENTAS\m2_repo\org\apache\logging\log4j\log4j-to-slf4j\2.14.1\log4j-to-slf4j-2.14.1.jar;C:\Dev\HERRAMIENTAS\m2_repo\org\apache\logging\log4j\log4j-api\2.14.1\log4j-api-2.14.1.jar;C:\Dev\HERRAMIENTAS\m2_repo\org\slf4j\jul-to-slf4j\1.7.32\jul-to-slf4j-1.7.32.jar;C:\Dev\HERRAMIENTAS\m2_repo\jakarta\annotation\jakarta.annotation-api\1.3.5\jakarta.annotation-api-1.3.5.jar;C:\Dev\HERRAMIENTAS\m2_repo\org\springframework\spring-core\5.3.12\spring-core-5.3.12.jar;C:\Dev\HERRAMIENTAS\m2_repo\org\springframework\spring-jcl\5.3.12\spring-jcl-5.3.12.jar;C:\Dev\HERRAMIENTAS\m2_repo\org\yaml\snakeyaml\1.28\snakeyaml-1.28.jar;C:\Dev\HERRAMIENTAS\m2_repo\org\springframework\boot\spring-boot-starter-test\2.5.6\spring-boot-starter-test-2.5.6.jar;C:\Dev\HERRAMIENTAS\m2_repo\org\springframework\boot\spring-boot-test\2.5.6\spring-boot-test-2.5.6.jar;C:\Dev\HERRAMIENTAS\m2_repo\org\springframework\boot\spring-boot-test-autoconfigure\2.5.6\spring-boot-test-autoconfigure-2.5.6.jar;C:\Dev\HERRAMIENTAS\m2_repo\com\jayway\jsonpath\json-path\2.5.0\json-path-2.5.0.jar;C:\Dev\HERRAMIENTAS\m2_repo\net\minidev\json-smart\2.4.7\json-smart
Launcher Type: SUN_STANDARD


[error occurred during error reporting (printing flags), id 0xe0000001, Out of Memory Error (t:/workspace/open/src/hotspot/share/memory/allocation.cpp:46)]

Logging:
Log output configuration:
 #0: stdout all=warning uptime,level,tags
 #1: stderr all=off uptime,level,tags

Environment Variables:
JAVA_HOME=C:\Dev\HERRAMIENTAS\jdk-11.0.5
PATH=C:/Users/lromerob/.p2/pool/plugins/org.eclipse.justj.openjdk.hotspot.jre.full.win32.x86_64_11.0.12.v20211011-1323/jre/bin/server;C:/Users/lromerob/.p2/pool/plugins/org.eclipse.justj.openjdk.hotspot.jre.full.win32.x86_64_11.0.12.v20211011-1323/jre/bin;C:\Dev\HERRAMIENTAS\apache-maven-3.6.3\bin;C:\Dev\HERRAMIENTAS\jdk-11.0.5\bin;C:\Python39\Scripts\;C:\Python39\;C:\WINDOWS\system32;C:\WINDOWS;C:\WINDOWS\System32\Wbem;C:\WINDOWS\System32\WindowsPowerShell\v1.0\;C:\WINDOWS\System32\OpenSSH\;C:\Program Files\TortoiseSVN\bin;C:\Users\lromerob\AppData\Roaming\nvm;C:\Program Files\nodejs;C:\Program Files (x86)\Git\cmd;C:\Dev\msd\eclipse\eclipse-ei-6_4_0\\bin;C:\Dev\msd\openshift_comandos\cwrsync\bin;C:\Program Files\PostgreSQL\9.6\bin;C:\Program Files\Docker\Docker\resources\bin;C:\ProgramData\DockerDesktop\version-bin;C:\Program Files\nodejs\;C:\ProgramData\chocolatey\bin;C:\Program Files\AutoFirma\AutoFirma;C:\Program Files\heroku\bin;C:\Users\lromerob\AppData\Local\Microsoft\WindowsApps;C:\Users\lromerob\AppData\Roaming\nvm;C:\Program Files\nodejs;C:\Users\lromerob\AppData\Local\Programs\Microsoft VS Code\bin;C:\Users\lromerob\AppData\Roaming\npm;C:\Users\lromerob\AppData\Local\GitHubDesktop\bin;C:\Dev\HERRAMIENTAS;
USERNAME=lromerob
OS=Windows_NT
PROCESSOR_IDENTIFIER=Intel64 Family 6 Model 78 Stepping 3, GenuineIntel



---------------  S Y S T E M  ---------------

OS: Windows 10 , 64 bit Build 17134 (10.0.17134.2145)

CPU:total 4 (initial active 4) (2 cores per cpu, 2 threads per core) family 6 model 78 stepping 3, cmov, cx8, fxsr, mmx, sse, sse2, sse3, ssse3, sse4.1, sse4.2, popcnt, avx, avx2, aes, clmul, erms, rtm, 3dnowpref, lzcnt, ht, tsc, tscinvbit, bmi1, bmi2, adx, fma

Memory: 4k page, system-wide physical 16267M (517M free)
TotalPageFile size 40821M (AvailPageFile size 0M)
current process WorkingSet (physical memory assigned to process): 343M, peak: 462M
current process commit charge ("private bytes"): 454M, peak: 577M

vm_info: Java HotSpot(TM) 64-Bit Server VM (11.0.5+10-LTS) for windows-amd64 JRE (11.0.5+10-LTS), built on Oct  6 2019 12:37:14 by "mach5one" with MS VC++ 15.5 (VS2017)

END.
